{"C:\\labs_3_2\\IT-Projects\\project\\unidone-mvp\\src\\utils.js": {"path":"C:\\labs_3_2\\IT-Projects\\project\\unidone-mvp\\src\\utils.js","statementMap":{"0":{"start":{"line":2,"column":16},"end":{"line":2,"column":26}},"1":{"start":{"line":3,"column":21},"end":{"line":3,"column":43}},"2":{"start":{"line":5,"column":4},"end":{"line":5,"column":29}},"3":{"start":{"line":6,"column":4},"end":{"line":6,"column":34}},"4":{"start":{"line":8,"column":21},"end":{"line":8,"column":35}},"5":{"start":{"line":9,"column":21},"end":{"line":9,"column":64}},"6":{"start":{"line":11,"column":4},"end":{"line":11,"column":20}},"7":{"start":{"line":15,"column":19},"end":{"line":19,"column":5}},"8":{"start":{"line":20,"column":4},"end":{"line":20,"column":38}}},"fnMap":{"0":{"name":"getDaysUntilDeadline","decl":{"start":{"line":1,"column":16},"end":{"line":1,"column":36}},"loc":{"start":{"line":1,"column":51},"end":{"line":12,"column":3}},"line":1},"1":{"name":"getPriorityColor","decl":{"start":{"line":14,"column":18},"end":{"line":14,"column":34}},"loc":{"start":{"line":14,"column":45},"end":{"line":21,"column":null}},"line":14}},"branchMap":{"0":{"loc":{"start":{"line":20,"column":11},"end":{"line":20,"column":37}},"type":"binary-expr","locations":[{"start":{"line":20,"column":11},"end":{"line":20,"column":27}},{"start":{"line":20,"column":31},"end":{"line":20,"column":37}}],"line":20}},"s":{"0":2,"1":2,"2":2,"3":2,"4":2,"5":2,"6":2,"7":3,"8":3},"f":{"0":2,"1":3},"b":{"0":[3,1]},"meta":{"lastBranch":1,"lastFunction":2,"lastStatement":9,"seen":{"f:1:16:1:36":0,"s:2:16:2:26":0,"s:3:21:3:43":1,"s:5:4:5:29":2,"s:6:4:6:34":3,"s:8:21:8:35":4,"s:9:21:9:64":5,"s:11:4:11:20":6,"f:14:18:14:34":1,"s:15:19:19:5":7,"s:20:4:20:38":8,"b:20:11:20:27:20:31:20:37":0}}}
}
